Start testing: Dec 27 13:23 CET
----------------------------------------------------------
1/1 Testing: ExampleTests
1/1 Test: ExampleTests
Command: "/home/kkopnev/Documents/Lock-Free/build/test/ExampleTests"
Directory: /home/kkopnev/Documents/Lock-Free/build/test
"ExampleTests" start time: Dec 27 13:23 CET
Output:
----------------------------------------------------------
Running main() from /home/kkopnev/Documents/Lock-Free/googletest/googletest/src/gtest_main.cc
[==========] Running 0 tests from 0 test suites.
[==========] 0 tests from 0 test suites ran. (0 ms total)
[  PASSED  ] 0 tests.
<end of output>
Test time =   0.00 sec
----------------------------------------------------------
Test Passed.
"ExampleTests" end time: Dec 27 13:23 CET
"ExampleTests" time elapsed: 00:00:00
----------------------------------------------------------

End testing: Dec 27 13:23 CET
